Performing C SOURCE FILE Test CMAKE_HAVE_LIBC_PTHREAD failed with the following output:
Change Dir: /home/kk/cartographer_ws/build_isolated/obstacle_detector/CMakeFiles/CMakeScratch/TryCompile-IVS920

Run Build Command(s):/usr/bin/ninja cmTC_e4dde && [1/2] Building C object CMakeFiles/cmTC_e4dde.dir/src.c.o
[2/2] Linking C executable cmTC_e4dde
FAILED: cmTC_e4dde 
: && /usr/bin/cc  -rdynamic CMakeFiles/cmTC_e4dde.dir/src.c.o -o cmTC_e4dde   && :
CMakeFiles/cmTC_e4dde.dir/src.c.o: In function `main':
src.c:(.text+0x3e): undefined reference to `pthread_create'
src.c:(.text+0x4a): undefined reference to `pthread_detach'
src.c:(.text+0x56): undefined reference to `pthread_cancel'
src.c:(.text+0x67): undefined reference to `pthread_join'
src.c:(.text+0x7b): undefined reference to `pthread_atfork'
collect2: error: ld returned 1 exit status
ninja: build stopped: subcommand failed.


Source file was:
#include <pthread.h>

static void* test_func(void* data)
{
  return data;
}

int main(void)
{
  pthread_t thread;
  pthread_create(&thread, NULL, test_func, NULL);
  pthread_detach(thread);
  pthread_cancel(thread);
  pthread_join(thread, NULL);
  pthread_atfork(NULL, NULL, NULL);
  pthread_exit(NULL);

  return 0;
}


Determining if the function pthread_create exists in the pthreads failed with the following output:
Change Dir: /home/kk/cartographer_ws/build_isolated/obstacle_detector/CMakeFiles/CMakeScratch/TryCompile-ZXjIP1

Run Build Command(s):/usr/bin/ninja cmTC_e8e79 && [1/2] Building C object CMakeFiles/cmTC_e8e79.dir/CheckFunctionExists.c.o
[2/2] Linking C executable cmTC_e8e79
FAILED: cmTC_e8e79 
: && /usr/bin/cc -DCHECK_FUNCTION_EXISTS=pthread_create -rdynamic CMakeFiles/cmTC_e8e79.dir/CheckFunctionExists.c.o -o cmTC_e8e79  -lpthreads && :
/usr/bin/ld: cannot find -lpthreads
collect2: error: ld returned 1 exit status
ninja: build stopped: subcommand failed.



